• turbo 2.9.3

   • Packages in scope: @lynx-js/a2ui-reactlynx
   • Running build in 1 packages
   • Remote caching disabled

//:build: cache bypass, force executing fa130c44852e72a0
//:build: 
//:build: > lynx-stack@0.0.0 build /home/haoyang/lynx/lynx-stack
//:build: > tsc --build
//:build: 
//:build: packages/react/runtime/src/lynx-api.ts(118,5): error TS2322: Type 'typeof preact.createElement' is not assignable to type 'typeof import("/home/haoyang/lynx/lynx-stack/node_modules/.pnpm/@lynx-js+internal-preact@10.28.4-2d1d67a/node_modules/@lynx-js/internal-preact/src/index").createElement'.
//:build:   Call signature return types 'VNode<DOMAttributes<HTMLInputElement> & ClassAttributes<HTMLInputElement>>' and 'VNode<DOMAttributes<HTMLInputElement> & ClassAttributes<HTMLInputElement>>' are incompatible.
//:build:     The types of 'type' are incompatible between these types.
//:build:       Type 'string | preact.ComponentType<preact.DOMAttributes<HTMLInputElement> & preact.ClassAttributes<HTMLInputElement>>' is not assignable to type 'string | import("/home/haoyang/lynx/lynx-stack/node_modules/.pnpm/@lynx-js+internal-preact@10.28.4-2d1d67a/node_modules/@lynx-js/internal-preact/src/index").ComponentType<import("/home/haoyang/lynx/lynx-stack/node_modules/.pnpm/@lynx-js+internal-preact@10.28.4-2d1d67a/node_modules/@lynx-js/internal-preact/src/dom")....'.
//:build:         Type 'ComponentClass<DOMAttributes<HTMLInputElement> & ClassAttributes<HTMLInputElement>, {}>' is not assignable to type 'string | ComponentType<DOMAttributes<HTMLInputElement> & ClassAttributes<HTMLInputElement>>'.
//:build:           Type 'preact.ComponentClass<preact.DOMAttributes<HTMLInputElement> & preact.ClassAttributes<HTMLInputElement>, {}>' is not assignable to type 'import("/home/haoyang/lynx/lynx-stack/node_modules/.pnpm/@lynx-js+internal-preact@10.28.4-2d1d67a/node_modules/@lynx-js/internal-preact/src/index").ComponentClass<import("/home/haoyang/lynx/lynx-stack/node_modules/.pnpm/@lynx-js+internal-preact@10.28.4-2d1d67a/node_modules/@lynx-js/internal-preact/src/dom").DOMAttri...' with 'exactOptionalPropertyTypes: true'. Consider adding 'undefined' to the types of the target's properties.
//:build:             Property '__h' is missing in type 'preact.Component<preact.DOMAttributes<HTMLInputElement> & preact.ClassAttributes<HTMLInputElement>, {}>' but required in type 'import("/home/haoyang/lynx/lynx-stack/node_modules/.pnpm/@lynx-js+internal-preact@10.28.4-2d1d67a/node_modules/@lynx-js/internal-preact/src/index").Component<import("/home/haoyang/lynx/lynx-stack/node_modules/.pnpm/@lynx-js+internal-preact@10.28.4-2d1d67a/node_modules/@lynx-js/internal-preact/src/dom").DOMAttributes...'.
//:build: packages/react/runtime/src/lynx-api.ts(204,7): error TS2322: Type 'typeof preact.createElement' is not assignable to type 'typeof import("/home/haoyang/lynx/lynx-stack/node_modules/.pnpm/@lynx-js+internal-preact@10.28.4-2d1d67a/node_modules/@lynx-js/internal-preact/src/index").createElement'.
//:build:   Call signature return types 'VNode<DOMAttributes<HTMLInputElement> & ClassAttributes<HTMLInputElement>>' and 'VNode<DOMAttributes<HTMLInputElement> & ClassAttributes<HTMLInputElement>>' are incompatible.
//:build:     The types of 'type' are incompatible between these types.
//:build:       Type 'string | preact.ComponentType<preact.DOMAttributes<HTMLInputElement> & preact.ClassAttributes<HTMLInputElement>>' is not assignable to type 'string | import("/home/haoyang/lynx/lynx-stack/node_modules/.pnpm/@lynx-js+internal-preact@10.28.4-2d1d67a/node_modules/@lynx-js/internal-preact/src/index").ComponentType<import("/home/haoyang/lynx/lynx-stack/node_modules/.pnpm/@lynx-js+internal-preact@10.28.4-2d1d67a/node_modules/@lynx-js/internal-preact/src/dom")....'.
//:build:         Type 'ComponentClass<DOMAttributes<HTMLInputElement> & ClassAttributes<HTMLInputElement>, {}>' is not assignable to type 'string | ComponentType<DOMAttributes<HTMLInputElement> & ClassAttributes<HTMLInputElement>>'.
//:build:           Type 'preact.ComponentClass<preact.DOMAttributes<HTMLInputElement> & preact.ClassAttributes<HTMLInputElement>, {}>' is not assignable to type 'import("/home/haoyang/lynx/lynx-stack/node_modules/.pnpm/@lynx-js+internal-preact@10.28.4-2d1d67a/node_modules/@lynx-js/internal-preact/src/index").ComponentClass<import("/home/haoyang/lynx/lynx-stack/node_modules/.pnpm/@lynx-js+internal-preact@10.28.4-2d1d67a/node_modules/@lynx-js/internal-preact/src/dom").DOMAttri...' with 'exactOptionalPropertyTypes: true'. Consider adding 'undefined' to the types of the target's properties.
//:build:             Property '__h' is missing in type 'preact.Component<preact.DOMAttributes<HTMLInputElement> & preact.ClassAttributes<HTMLInputElement>, {}>' but required in type 'import("/home/haoyang/lynx/lynx-stack/node_modules/.pnpm/@lynx-js+internal-preact@10.28.4-2d1d67a/node_modules/@lynx-js/internal-preact/src/index").Component<import("/home/haoyang/lynx/lynx-stack/node_modules/.pnpm/@lynx-js+internal-preact@10.28.4-2d1d67a/node_modules/@lynx-js/internal-preact/src/dom").DOMAttributes...'.
//:build: packages/genui/a2ui/src/catalog/Button.ts(1,24): error TS6142: Module './Button/index' was resolved to '/home/haoyang/lynx/lynx-stack/packages/genui/a2ui/src/catalog/Button/index.tsx', but '--jsx' is not set.
//:build: packages/genui/a2ui/src/catalog/Button.ts(5,19): error TS2339: Property 'register' does not exist on type 'ComponentRegistry'.
//:build: packages/genui/a2ui/src/catalog/Button/index.tsx(1,28): error TS6142: Module '../../core/A2UIRender' was resolved to '/home/haoyang/lynx/lynx-stack/packages/genui/a2ui/src/core/A2UIRender.tsx', but '--jsx' is not set.
//:build: packages/genui/a2ui/src/catalog/Button/index.tsx(5,17): error TS9007: Function must have an explicit return type annotation with --isolatedDeclarations.
//:build: packages/genui/a2ui/src/catalog/Button/index.tsx(17,5): error TS17004: Cannot use JSX unless the '--jsx' flag is provided.
//:build: packages/genui/a2ui/src/catalog/Button/index.tsx(18,24): error TS17004: Cannot use JSX unless the '--jsx' flag is provided.
//:build: packages/genui/a2ui/src/catalog/Button/index.tsx(18,66): error TS17004: Cannot use JSX unless the '--jsx' flag is provided.
//:build: packages/genui/a2ui/src/catalog/Card.ts(1,22): error TS6142: Module './Card/index' was resolved to '/home/haoyang/lynx/lynx-stack/packages/genui/a2ui/src/catalog/Card/index.tsx', but '--jsx' is not set.
//:build: packages/genui/a2ui/src/catalog/Card.ts(5,19): error TS2339: Property 'register' does not exist on type 'ComponentRegistry'.
//:build: packages/genui/a2ui/src/catalog/Card/index.tsx(1,1): error TS6133: 'Components' is declared but its value is never read.
//:build: packages/genui/a2ui/src/catalog/Card/index.tsx(1,10): error TS2305: Module '"@a2ui/web_core"' has no exported member 'Components'.
//:build: packages/genui/a2ui/src/catalog/Card/index.tsx(3,30): error TS6142: Module '../../core/A2UIRender' was resolved to '/home/haoyang/lynx/lynx-stack/packages/genui/a2ui/src/core/A2UIRender.tsx', but '--jsx' is not set.
//:build: packages/genui/a2ui/src/catalog/Card/index.tsx(8,14): error TS2503: Cannot find namespace 'v0_9'.
//:build: packages/genui/a2ui/src/catalog/Card/index.tsx(11,17): error TS9007: Function must have an explicit return type annotation with --isolatedDeclarations.
//:build: packages/genui/a2ui/src/catalog/Card/index.tsx(21,5): error TS17004: Cannot use JSX unless the '--jsx' flag is provided.
//:build: packages/genui/a2ui/src/catalog/Card/index.tsx(23,9): error TS17004: Cannot use JSX unless the '--jsx' flag is provided.
//:build: packages/genui/a2ui/src/catalog/CheckBox.ts(1,26): error TS6142: Module './CheckBox/index' was resolved to '/home/haoyang/lynx/lynx-stack/packages/genui/a2ui/src/catalog/CheckBox/index.tsx', but '--jsx' is not set.
//:build: packages/genui/a2ui/src/catalog/CheckBox.ts(5,19): error TS2339: Property 'register' does not exist on type 'ComponentRegistry'.
//:build: packages/genui/a2ui/src/catalog/CheckBox/index.tsx(7,19): error TS2724: '"/home/haoyang/lynx/lynx-stack/node_modules/.pnpm/@a2ui+web_core@0.9.1/node_modules/@a2ui/web_core/src/v0_9/index"' has no exported member named 'Components'. Did you mean 'ComponentId'?
//:build: packages/genui/a2ui/src/catalog/CheckBox/index.tsx(10,17): error TS9007: Function must have an explicit return type annotation with --isolatedDeclarations.
//:build: packages/genui/a2ui/src/catalog/CheckBox/index.tsx(18,5): error TS17004: Cannot use JSX unless the '--jsx' flag is provided.
//:build: packages/genui/a2ui/src/catalog/CheckBox/index.tsx(19,7): error TS17004: Cannot use JSX unless the '--jsx' flag is provided.
//:build: packages/genui/a2ui/src/catalog/CheckBox/index.tsx(20,19): error TS17004: Cannot use JSX unless the '--jsx' flag is provided.
//:build: packages/genui/a2ui/src/catalog/CheckBox/index.tsx(22,7): error TS17004: Cannot use JSX unless the '--jsx' flag is provided.
//:build: packages/genui/a2ui/src/catalog/Column.ts(1,24): error TS6142: Module './Column/index' was resolved to '/home/haoyang/lynx/lynx-stack/packages/genui/a2ui/src/catalog/Column/index.tsx', but '--jsx' is not set.
//:build: packages/genui/a2ui/src/catalog/Column.ts(5,19): error TS2339: Property 'register' does not exist on type 'ComponentRegistry'.
//:build: packages/genui/a2ui/src/catalog/Column/index.tsx(3,30): error TS6142: Module '../../core/A2UIRender' was resolved to '/home/haoyang/lynx/lynx-stack/packages/genui/a2ui/src/core/A2UIRender.tsx', but '--jsx' is not set.
//:build: packages/genui/a2ui/src/catalog/Column/index.tsx(8,19): error TS2724: '"/home/haoyang/lynx/lynx-stack/node_modules/.pnpm/@a2ui+web_core@0.9.1/node_modules/@a2ui/web_core/src/v0_9/index"' has no exported member named 'Components'. Did you mean 'ComponentId'?
//:build: packages/genui/a2ui/src/catalog/Column/index.tsx(11,17): error TS9007: Function must have an explicit return type annotation with --isolatedDeclarations.
//:build: packages/genui/a2ui/src/catalog/Column/index.tsx(16,5): error TS17004: Cannot use JSX unless the '--jsx' flag is provided.
//:build: packages/genui/a2ui/src/catalog/Column/index.tsx(24,11): error TS17004: Cannot use JSX unless the '--jsx' flag is provided.
//:build: packages/genui/a2ui/src/catalog/Divider.ts(1,25): error TS6142: Module './Divider/index' was resolved to '/home/haoyang/lynx/lynx-stack/packages/genui/a2ui/src/catalog/Divider/index.tsx', but '--jsx' is not set.
//:build: packages/genui/a2ui/src/catalog/Divider.ts(5,19): error TS2339: Property 'register' does not exist on type 'ComponentRegistry'.
//:build: packages/genui/a2ui/src/catalog/Divider/index.tsx(7,19): error TS2724: '"/home/haoyang/lynx/lynx-stack/node_modules/.pnpm/@a2ui+web_core@0.9.1/node_modules/@a2ui/web_core/src/v0_9/index"' has no exported member named 'Components'. Did you mean 'ComponentId'?
//:build: packages/genui/a2ui/src/catalog/Divider/index.tsx(10,17): error TS9007: Function must have an explicit return type annotation with --isolatedDeclarations.
//:build: packages/genui/a2ui/src/catalog/Divider/index.tsx(12,10): error TS17004: Cannot use JSX unless the '--jsx' flag is provided.
//:build: packages/genui/a2ui/src/catalog/Image.ts(1,23): error TS6142: Module './Image/index' was resolved to '/home/haoyang/lynx/lynx-stack/packages/genui/a2ui/src/catalog/Image/index.tsx', but '--jsx' is not set.
//:build: packages/genui/a2ui/src/catalog/Image.ts(5,19): error TS2339: Property 'register' does not exist on type 'ComponentRegistry'.
//:build: packages/genui/a2ui/src/catalog/Image/index.tsx(5,17): error TS9007: Function must have an explicit return type annotation with --isolatedDeclarations.
//:build: packages/genui/a2ui/src/catalog/Image/index.tsx(19,5): error TS17004: Cannot use JSX unless the '--jsx' flag is provided.
//:build: packages/genui/a2ui/src/catalog/List.ts(1,22): error TS6142: Module './List/index' was resolved to '/home/haoyang/lynx/lynx-stack/packages/genui/a2ui/src/catalog/List/index.tsx', but '--jsx' is not set.
//:build: packages/genui/a2ui/src/catalog/List.ts(5,19): error TS2339: Property 'register' does not exist on type 'ComponentRegistry'.
//:build: packages/genui/a2ui/src/catalog/List/index.tsx(3,30): error TS6142: Module '../../core/A2UIRender' was resolved to '/home/haoyang/lynx/lynx-stack/packages/genui/a2ui/src/core/A2UIRender.tsx', but '--jsx' is not set.
//:build: packages/genui/a2ui/src/catalog/List/index.tsx(4,32): error TS2307: Cannot find module '../../hooks/useDataBinding' or its corresponding type declarations.
//:build: packages/genui/a2ui/src/catalog/List/index.tsx(9,19): error TS2724: '"/home/haoyang/lynx/lynx-stack/node_modules/.pnpm/@a2ui+web_core@0.9.1/node_modules/@a2ui/web_core/src/v0_9/index"' has no exported member named 'Components'. Did you mean 'ComponentId'?
//:build: packages/genui/a2ui/src/catalog/List/index.tsx(12,17): error TS9007: Function must have an explicit return type annotation with --isolatedDeclarations.
//:build: packages/genui/a2ui/src/catalog/List/index.tsx(67,5): error TS17004: Cannot use JSX unless the '--jsx' flag is provided.
//:build: packages/genui/a2ui/src/catalog/List/index.tsx(76,11): error TS17004: Cannot use JSX unless the '--jsx' flag is provided.
//:build: packages/genui/a2ui/src/catalog/List/index.tsx(77,13): error TS17004: Cannot use JSX unless the '--jsx' flag is provided.
//:build: packages/genui/a2ui/src/catalog/RadioGroup.ts(1,28): error TS6142: Module './RadioGroup/index' was resolved to '/home/haoyang/lynx/lynx-stack/packages/genui/a2ui/src/catalog/RadioGroup/index.tsx', but '--jsx' is not set.
//:build: packages/genui/a2ui/src/catalog/RadioGroup.ts(5,19): error TS2339: Property 'register' does not exist on type 'ComponentRegistry'.
//:build: packages/genui/a2ui/src/catalog/RadioGroup/index.tsx(2,1): error TS6133: 'v0_9' is declared but its value is never read.
//:build: packages/genui/a2ui/src/catalog/RadioGroup/index.tsx(22,17): error TS9007: Function must have an explicit return type annotation with --isolatedDeclarations.
//:build: packages/genui/a2ui/src/catalog/RadioGroup/index.tsx(31,5): error TS17004: Cannot use JSX unless the '--jsx' flag is provided.
//:build: packages/genui/a2ui/src/catalog/RadioGroup/index.tsx(32,7): error TS17004: Cannot use JSX unless the '--jsx' flag is provided.
//:build: packages/genui/a2ui/src/catalog/RadioGroup/index.tsx(33,9): error TS17004: Cannot use JSX unless the '--jsx' flag is provided.
//:build: packages/genui/a2ui/src/catalog/RadioGroup/index.tsx(35,13): error TS17004: Cannot use JSX unless the '--jsx' flag is provided.
//:build: packages/genui/a2ui/src/catalog/RadioGroup/index.tsx(36,15): error TS17004: Cannot use JSX unless the '--jsx' flag is provided.
//:build: packages/genui/a2ui/src/catalog/RadioGroup/index.tsx(41,17): error TS17004: Cannot use JSX unless the '--jsx' flag is provided.
//:build: packages/genui/a2ui/src/catalog/RadioGroup/index.tsx(42,19): error TS17004: Cannot use JSX unless the '--jsx' flag is provided.
//:build: packages/genui/a2ui/src/catalog/RadioGroup/index.tsx(45,15): error TS17004: Cannot use JSX unless the '--jsx' flag is provided.
//:build: packages/genui/a2ui/src/catalog/Row.ts(1,21): error TS6142: Module './Row/index' was resolved to '/home/haoyang/lynx/lynx-stack/packages/genui/a2ui/src/catalog/Row/index.tsx', but '--jsx' is not set.
//:build: packages/genui/a2ui/src/catalog/Row.ts(5,19): error TS2339: Property 'register' does not exist on type 'ComponentRegistry'.
//:build: packages/genui/a2ui/src/catalog/Row/index.tsx(3,30): error TS6142: Module '../../core/A2UIRender' was resolved to '/home/haoyang/lynx/lynx-stack/packages/genui/a2ui/src/core/A2UIRender.tsx', but '--jsx' is not set.
//:build: packages/genui/a2ui/src/catalog/Row/index.tsx(8,19): error TS2724: '"/home/haoyang/lynx/lynx-stack/node_modules/.pnpm/@a2ui+web_core@0.9.1/node_modules/@a2ui/web_core/src/v0_9/index"' has no exported member named 'Components'. Did you mean 'ComponentId'?
//:build: packages/genui/a2ui/src/catalog/Row/index.tsx(11,17): error TS9007: Function must have an explicit return type annotation with --isolatedDeclarations.
//:build: packages/genui/a2ui/src/catalog/Row/index.tsx(16,5): error TS17004: Cannot use JSX unless the '--jsx' flag is provided.
//:build: packages/genui/a2ui/src/catalog/Row/index.tsx(24,11): error TS17004: Cannot use JSX unless the '--jsx' flag is provided.
//:build: packages/genui/a2ui/src/catalog/Text.ts(1,22): error TS6142: Module './Text/index' was resolved to '/home/haoyang/lynx/lynx-stack/packages/genui/a2ui/src/catalog/Text/index.tsx', but '--jsx' is not set.
//:build: packages/genui/a2ui/src/catalog/Text.ts(5,19): error TS2339: Property 'register' does not exist on type 'ComponentRegistry'.
//:build: packages/genui/a2ui/src/catalog/Text/index.tsx(3,17): error TS9007: Function must have an explicit return type annotation with --isolatedDeclarations.
//:build: packages/genui/a2ui/src/catalog/Text/index.tsx(7,5): error TS17004: Cannot use JSX unless the '--jsx' flag is provided.
//:build: packages/genui/a2ui/src/chat/Conversation.tsx(2,28): error TS6142: Module '../core/A2UIRender' was resolved to '/home/haoyang/lynx/lynx-stack/packages/genui/a2ui/src/core/A2UIRender.tsx', but '--jsx' is not set.
//:build: packages/genui/a2ui/src/chat/Conversation.tsx(10,3): error TS6133: 'TextArea' is declared but its value is never read.
//:build: packages/genui/a2ui/src/chat/Conversation.tsx(28,17): error TS9007: Function must have an explicit return type annotation with --isolatedDeclarations.
//:build: packages/genui/a2ui/src/chat/Conversation.tsx(77,5): error TS17004: Cannot use JSX unless the '--jsx' flag is provided.
//:build: packages/genui/a2ui/src/chat/Conversation.tsx(78,7): error TS17004: Cannot use JSX unless the '--jsx' flag is provided.
//:build: packages/genui/a2ui/src/chat/Conversation.tsx(79,9): error TS17004: Cannot use JSX unless the '--jsx' flag is provided.
//:build: packages/genui/a2ui/src/chat/Conversation.tsx(81,33): error TS6133: 'index' is declared but its value is never read.
//:build: packages/genui/a2ui/src/chat/Conversation.tsx(83,17): error TS17004: Cannot use JSX unless the '--jsx' flag is provided.
//:build: packages/genui/a2ui/src/chat/Conversation.tsx(84,19): error TS17004: Cannot use JSX unless the '--jsx' flag is provided.
//:build: packages/genui/a2ui/src/chat/Conversation.tsx(87,17): error TS17004: Cannot use JSX unless the '--jsx' flag is provided.
//:build: packages/genui/a2ui/src/chat/Conversation.tsx(91,19): error TS17004: Cannot use JSX unless the '--jsx' flag is provided.
//:build: packages/genui/a2ui/src/chat/Conversation.tsx(94,23): error TS17004: Cannot use JSX unless the '--jsx' flag is provided.
//:build: packages/genui/a2ui/src/chat/Conversation.tsx(101,13): error TS17004: Cannot use JSX unless the '--jsx' flag is provided.
//:build: packages/genui/a2ui/src/chat/Conversation.tsx(102,15): error TS17004: Cannot use JSX unless the '--jsx' flag is provided.
//:build: packages/genui/a2ui/src/chat/Conversation.tsx(106,9): error TS17004: Cannot use JSX unless the '--jsx' flag is provided.
//:build: packages/genui/a2ui/src/chat/Conversation.tsx(107,11): error TS17004: Cannot use JSX unless the '--jsx' flag is provided.
//:build: packages/genui/a2ui/src/chat/Conversation.tsx(108,13): error TS17004: Cannot use JSX unless the '--jsx' flag is provided.
//:build: packages/genui/a2ui/src/chat/Conversation.tsx(108,14): error TS2375: Type '{ ref: RefObject<InputRef>; className: string; onInput: (e: any) => void; defaultValue: string | undefined; placeholder: string; }' is not assignable to type 'InputProps' with 'exactOptionalPropertyTypes: true'. Consider adding 'undefined' to the types of the target's properties.
//:build:   Types of property 'defaultValue' are incompatible.
//:build:     Type 'string | undefined' is not assignable to type 'string'.
//:build:       Type 'undefined' is not assignable to type 'string'.
//:build: packages/genui/a2ui/src/chat/Conversation.tsx(116,13): error TS17004: Cannot use JSX unless the '--jsx' flag is provided.
//:build: packages/genui/a2ui/src/chat/Conversation.tsx(117,15): error TS17004: Cannot use JSX unless the '--jsx' flag is provided.
//:build: packages/genui/a2ui/src/chat/index.ts(1,44): error TS6142: Module './Conversation' was resolved to '/home/haoyang/lynx/lynx-stack/packages/genui/a2ui/src/chat/Conversation.tsx', but '--jsx' is not set.
//:build: packages/genui/a2ui/src/chat/useLynxClient.ts(3,30): error TS6142: Module './Conversation' was resolved to '/home/haoyang/lynx/lynx-stack/packages/genui/a2ui/src/chat/Conversation.tsx', but '--jsx' is not set.
//:build: packages/genui/a2ui/src/chat/useLynxClient.ts(48,5): error TS9007: Function must have an explicit return type annotation with --isolatedDeclarations.
//:build: packages/genui/a2ui/src/chat/useLynxClient.ts(87,5): error TS9016: Objects that contain shorthand properties can't be inferred with --isolatedDeclarations.
//:build: packages/genui/a2ui/src/chat/useLynxClient.ts(88,5): error TS9016: Objects that contain shorthand properties can't be inferred with --isolatedDeclarations.
//:build: packages/genui/a2ui/src/chat/useLynxClient.ts(89,5): error TS9016: Objects that contain shorthand properties can't be inferred with --isolatedDeclarations.
//:build: packages/genui/a2ui/src/chat/useLynxClient.ts(90,5): error TS9016: Objects that contain shorthand properties can't be inferred with --isolatedDeclarations.
//:build: packages/genui/a2ui/src/core/A2UIRender.tsx(10,5): error TS17004: Cannot use JSX unless the '--jsx' flag is provided.
//:build: packages/genui/a2ui/src/core/A2UIRender.tsx(19,7): error TS17004: Cannot use JSX unless the '--jsx' flag is provided.
//:build: packages/genui/a2ui/src/core/A2UIRender.tsx(33,25): error TS2339: Property 'has' does not exist on type 'ComponentRegistry'.
//:build: packages/genui/a2ui/src/core/A2UIRender.tsx(34,41): error TS2339: Property 'get' does not exist on type 'ComponentRegistry'.
//:build: packages/genui/a2ui/src/core/A2UIRender.tsx(36,7): error TS17004: Cannot use JSX unless the '--jsx' flag is provided.
//:build: packages/genui/a2ui/src/core/A2UIRender.tsx(52,10): error TS9007: Function must have an explicit return type annotation with --isolatedDeclarations.
//:build: packages/genui/a2ui/src/core/A2UIRender.tsx(112,40): error TS17004: Cannot use JSX unless the '--jsx' flag is provided.
//:build: packages/genui/a2ui/src/core/A2UIRender.tsx(116,12): error TS17004: Cannot use JSX unless the '--jsx' flag is provided.
//:build: packages/genui/a2ui/src/core/A2UIRender.tsx(127,7): error TS17004: Cannot use JSX unless the '--jsx' flag is provided.
//:build: packages/genui/a2ui/src/core/A2UIRender.tsx(128,9): error TS17004: Cannot use JSX unless the '--jsx' flag is provided.
//:build: packages/genui/a2ui/src/core/A2UIRender.tsx(134,12): error TS17004: Cannot use JSX unless the '--jsx' flag is provided.
//:build: packages/genui/a2ui/src/core/A2UIRender.tsx(144,14): error TS9010: Variable must have an explicit type annotation with --isolatedDeclarations.
//:build: packages/genui/a2ui/src/core/A2UIRender.tsx(146,17): error TS9007: Function must have an explicit return type annotation with --isolatedDeclarations.
//:build: packages/genui/a2ui/src/core/A2UIRender.tsx(180,10): error TS17004: Cannot use JSX unless the '--jsx' flag is provided.
//:build: packages/genui/a2ui/src/core/BaseClient.ts(2,32): error TS2307: Cannot find module '../../utils/createResource' or its corresponding type declarations.
//:build: packages/genui/a2ui/src/core/BaseClient.ts(18,12): error TS4111: Property 'text' comes from an index signature, so it must be accessed with ['text'].
//:build: packages/genui/a2ui/src/core/BaseClient.ts(21,14): error TS4111: Property 'text' comes from an index signature, so it must be accessed with ['text'].
//:build: packages/genui/a2ui/src/core/BaseClient.ts(26,14): error TS4111: Property 'text' comes from an index signature, so it must be accessed with ['text'].
//:build: packages/genui/a2ui/src/core/BaseClient.ts(28,14): error TS4111: Property 'text' comes from an index signature, so it must be accessed with ['text'].
//:build: packages/genui/a2ui/src/core/BaseClient.ts(32,14): error TS4111: Property 'sessionId' comes from an index signature, so it must be accessed with ['sessionId'].
//:build: packages/genui/a2ui/src/core/BaseClient.ts(210,24): error TS2724: '"/home/haoyang/lynx/lynx-stack/node_modules/.pnpm/@a2ui+web_core@0.9.1/node_modules/@a2ui/web_core/src/v0_9/index"' has no exported member named 'Components'. Did you mean 'ComponentId'?
//:build: packages/genui/a2ui/src/core/BaseClient.ts(260,9): error TS9008: Method must have an explicit return type annotation with --isolatedDeclarations.
//:build: packages/genui/a2ui/src/core/BaseClient.ts(271,9): error TS9008: Method must have an explicit return type annotation with --isolatedDeclarations.
//:build: packages/genui/a2ui/src/core/ComponentRegistry.ts(3,60): error TS2307: Cannot find module '../../utils' or its corresponding type declarations.
//:build: packages/genui/a2ui/src/core/ComponentRegistry.ts(19,14): error TS9010: Variable must have an explicit type annotation with --isolatedDeclarations.
//:build: packages/genui/a2ui/src/core/index.ts(2,28): error TS6142: Module './A2UIRender' was resolved to '/home/haoyang/lynx/lynx-stack/packages/genui/a2ui/src/core/A2UIRender.tsx', but '--jsx' is not set.
//:build: packages/genui/a2ui/src/core/processor.ts(3,29): error TS2307: Cannot find module '../../utils/SignalStore' or its corresponding type declarations.
//:build: packages/genui/a2ui/src/core/processor.ts(4,32): error TS2307: Cannot find module '../../utils/createResource' or its corresponding type declarations.
//:build: packages/genui/a2ui/src/core/processor.ts(24,3): error TS9008: Method must have an explicit return type annotation with --isolatedDeclarations.
//:build: packages/genui/a2ui/src/core/processor.ts(41,12): error TS9007: Function must have an explicit return type annotation with --isolatedDeclarations.
//:build: packages/genui/a2ui/src/core/processor.ts(50,3): error TS9008: Method must have an explicit return type annotation with --isolatedDeclarations.
//:build: packages/genui/a2ui/src/core/processor.ts(270,13): error TS2412: Type 'string | undefined' is not assignable to type 'string | null' with 'exactOptionalPropertyTypes: true'. Consider adding 'undefined' to the type of the target.
//:build:   Type 'undefined' is not assignable to type 'string | null'.
//:build: packages/genui/a2ui/src/core/processor.ts(301,76): error TS2694: Namespace '"/home/haoyang/lynx/lynx-stack/node_modules/.pnpm/@a2ui+web_core@0.9.1/node_modules/@a2ui/web_core/src/v0_9/index"' has no exported member 'Types'.
//:build: packages/genui/a2ui/src/core/processor.ts(324,35): error TS2694: Namespace '"/home/haoyang/lynx/lynx-stack/node_modules/.pnpm/@a2ui+web_core@0.9.1/node_modules/@a2ui/web_core/src/v0_9/index"' has no exported member 'Primitives'.
//:build: packages/genui/a2ui/src/core/processor.ts(410,14): error TS9010: Variable must have an explicit type annotation with --isolatedDeclarations.
//:build: packages/genui/a2ui/src/core/types.ts(2,29): error TS2307: Cannot find module '../utils/SignalStore' or its corresponding type declarations.
//:build: packages/genui/a2ui/src/core/types.ts(4,30): error TS2694: Namespace '"/home/haoyang/lynx/lynx-stack/node_modules/.pnpm/@a2ui+web_core@0.9.1/node_modules/@a2ui/web_core/src/v0_9/index"' has no exported member 'Types'.
//:build: packages/genui/a2ui/src/core/types.ts(6,38): error TS2724: '"/home/haoyang/lynx/lynx-stack/node_modules/.pnpm/@a2ui+web_core@0.9.1/node_modules/@a2ui/web_core/src/v0_9/index"' has no exported member named 'Components'. Did you mean 'ComponentId'?
//:build: packages/genui/a2ui/src/core/types.ts(17,23): error TS2694: Namespace '"/home/haoyang/lynx/lynx-stack/node_modules/.pnpm/@a2ui+web_core@0.9.1/node_modules/@a2ui/web_core/src/v0_9/index"' has no exported member 'Primitives'.
//:build: packages/genui/a2ui/src/core/types.ts(53,42): error TS2694: Namespace '"/home/haoyang/lynx/lynx-stack/node_modules/.pnpm/@a2ui+web_core@0.9.1/node_modules/@a2ui/web_core/src/v0_9/index"' has no exported member 'Types'.
//:build: packages/genui/a2ui/src/core/useAction.ts(11,55): error TS2694: Namespace '"/home/haoyang/lynx/lynx-stack/node_modules/.pnpm/@a2ui+web_core@0.9.1/node_modules/@a2ui/web_core/src/v0_9/index"' has no exported member 'Primitives'.
//:build: packages/genui/a2ui/src/core/useAction.ts(15,56): error TS2694: Namespace '"/home/haoyang/lynx/lynx-stack/node_modules/.pnpm/@a2ui+web_core@0.9.1/node_modules/@a2ui/web_core/src/v0_9/index"' has no exported member 'Primitives'.
//:build: packages/genui/a2ui/src/core/useAction.ts(34,15): error TS2694: Namespace '"/home/haoyang/lynx/lynx-stack/node_modules/.pnpm/@a2ui+web_core@0.9.1/node_modules/@a2ui/web_core/src/v0_9/index"' has no exported member 'Primitives'.
//:build: packages/genui/a2ui/src/core/useAction.ts(58,14): error TS2694: Namespace '"/home/haoyang/lynx/lynx-stack/node_modules/.pnpm/@a2ui+web_core@0.9.1/node_modules/@a2ui/web_core/src/v0_9/index"' has no exported member 'Primitives'.
//:build: packages/genui/a2ui/src/core/useAction.ts(67,25): error TS2698: Spread types may only be created from object types.
//:build: packages/genui/a2ui/src/core/useAction.ts(70,21): error TS2694: Namespace '"/home/haoyang/lynx/lynx-stack/node_modules/.pnpm/@a2ui+web_core@0.9.1/node_modules/@a2ui/web_core/src/v0_9/index"' has no exported member 'Primitives'.
//:build: packages/genui/a2ui/src/core/useAction.ts(80,12): error TS2694: Namespace '"/home/haoyang/lynx/lynx-stack/node_modules/.pnpm/@a2ui+web_core@0.9.1/node_modules/@a2ui/web_core/src/v0_9/index"' has no exported member 'Primitives'.
//:build: packages/genui/a2ui/src/core/useAction.ts(98,22): error TS9007: Function must have an explicit return type annotation with --isolatedDeclarations.
//:build: packages/genui/a2ui/src/core/useAction.ts(98,42): error TS2694: Namespace '"/home/haoyang/lynx/lynx-stack/node_modules/.pnpm/@a2ui+web_core@0.9.1/node_modules/@a2ui/web_core/src/v0_9/index"' has no exported member 'Primitives'.
//:build: packages/genui/a2ui/src/core/useAction.ts(104,48): error TS2694: Namespace '"/home/haoyang/lynx/lynx-stack/node_modules/.pnpm/@a2ui+web_core@0.9.1/node_modules/@a2ui/web_core/src/v0_9/index"' has no exported member 'Primitives'.
//:build: packages/genui/a2ui/src/core/useAction.ts(132,5): error TS9016: Objects that contain shorthand properties can't be inferred with --isolatedDeclarations.
//:build: packages/genui/a2ui/src/core/useDataBinding.ts(129,11): error TS9013: Expression type can't be inferred with --isolatedDeclarations.
//:build: packages/genui/a2ui/src/core/useDataBinding.ts(129,21): error TS9013: Expression type can't be inferred with --isolatedDeclarations.
//:build:  ELIFECYCLE  Command failed with exit code 2.
 ERROR  //#build: command (/home/haoyang/lynx/lynx-stack/) /run/user/1000/fnm_multishells/1601196_1776342632364/bin/pnpm run build exited (2)

 Tasks:    0 successful, 1 total
Cached:    0 cached, 1 total
  Time:    1.471s 
Failed:    //#build

 ERROR  run failed: command  exited (2)
